2026-04-21 12:47:07 | INFO     | database.db | Database schema ready at: data/trading_system.db
2026-04-21 12:47:07 | INFO     | main | Running full scrape (one-shot mode)
2026-04-21 12:47:07 | INFO     | scrapers.screener_scraper | Scraping sector: Technology
2026-04-21 12:47:51 | INFO     | scrapers.screener_scraper |   Technology: 777 tickers from overview
2026-04-21 12:49:27 | INFO     | scrapers.screener_scraper |   Technology: 777 complete rows merged
2026-04-21 12:49:32 | INFO     | main | ============================================================
2026-04-21 12:49:32 | INFO     | main | JOB START: Insider trade scrape
2026-04-21 12:49:32 | INFO     | scrapers.insider_scraper | Scraping insider trades (type=Buy)
2026-04-21 12:49:32 | WARNING  | scrapers.insider_scraper | Insider scrape attempt 1/3 failed: 'Insider' object has no attribute 'soup'
2026-04-21 12:49:40 | WARNING  | scrapers.insider_scraper | Insider scrape attempt 2/3 failed: 'Insider' object has no attribute 'soup'
2026-04-21 12:49:46 | WARNING  | scrapers.insider_scraper | Insider scrape attempt 3/3 failed: 'Insider' object has no attribute 'soup'
2026-04-21 12:49:49 | INFO     | scrapers.insider_scraper | Scraping insider trades (type=Sale)
2026-04-21 12:49:49 | WARNING  | scrapers.insider_scraper | Insider scrape attempt 1/3 failed: 'Insider' object has no attribute 'soup'
2026-04-21 12:49:55 | WARNING  | scrapers.insider_scraper | Insider scrape attempt 2/3 failed: 'Insider' object has no attribute 'soup'
2026-04-21 12:50:01 | WARNING  | scrapers.insider_scraper | Insider scrape attempt 3/3 failed: 'Insider' object has no attribute 'soup'
2026-04-21 12:50:04 | INFO     | scrapers.insider_scraper | Scraping insider trades (type=Option Exercise)
2026-04-21 12:50:04 | WARNING  | scrapers.insider_scraper | Insider scrape attempt 1/3 failed: 'Insider' object has no attribute 'soup'
2026-04-21 12:50:11 | WARNING  | scrapers.insider_scraper | Insider scrape attempt 2/3 failed: 'Insider' object has no attribute 'soup'
2026-04-21 12:50:16 | WARNING  | scrapers.insider_scraper | Insider scrape attempt 3/3 failed: 'Insider' object has no attribute 'soup'
2026-04-21 12:50:19 | INFO     | scrapers.insider_scraper | Total unique insider trades fetched: 0
2026-04-21 12:50:19 | INFO     | main |   Stored 0 new insider trade rows
2026-04-21 12:50:19 | INFO     | main | JOB DONE: Insider | 0 new rows | 0 buy signals | 0 sell signals | 46.4s
2026-04-21 12:50:19 | INFO     | main | One-shot scrape complete.
2026-04-21 12:55:28 | INFO     | database.db | Database schema ready at: data/trading_system.db
2026-04-21 12:55:28 | INFO     | main | Running full scrape (one-shot mode)
2026-04-21 12:55:28 | INFO     | scrapers.screener_scraper | Scraping sector: Technology
2026-04-21 12:56:12 | INFO     | scrapers.screener_scraper |   Technology: 777 tickers from overview
2026-04-21 12:57:49 | INFO     | scrapers.screener_scraper |   Technology: 777 complete rows merged
2026-04-21 12:57:54 | INFO     | main | ============================================================
2026-04-21 12:57:54 | INFO     | main | JOB START: Insider trade scrape
2026-04-21 12:57:54 | INFO     | scrapers.insider_scraper | Scraping insider trades (type=Buy)
2026-04-21 12:57:54 | WARNING  | scrapers.insider_scraper | Insider scrape attempt 1/3 failed: 'Insider' object has no attribute 'soup'
2026-04-21 12:58:02 | WARNING  | scrapers.insider_scraper | Insider scrape attempt 2/3 failed: 'Insider' object has no attribute 'soup'
2026-04-21 12:58:07 | WARNING  | scrapers.insider_scraper | Insider scrape attempt 3/3 failed: 'Insider' object has no attribute 'soup'
2026-04-21 12:58:10 | INFO     | scrapers.insider_scraper | Scraping insider trades (type=Sale)
2026-04-21 12:58:10 | WARNING  | scrapers.insider_scraper | Insider scrape attempt 1/3 failed: 'Insider' object has no attribute 'soup'
2026-04-21 12:58:16 | WARNING  | scrapers.insider_scraper | Insider scrape attempt 2/3 failed: 'Insider' object has no attribute 'soup'
2026-04-21 12:58:22 | WARNING  | scrapers.insider_scraper | Insider scrape attempt 3/3 failed: 'Insider' object has no attribute 'soup'
2026-04-21 12:58:25 | INFO     | scrapers.insider_scraper | Scraping insider trades (type=Option Exercise)
2026-04-21 12:58:25 | WARNING  | scrapers.insider_scraper | Insider scrape attempt 1/3 failed: 'Insider' object has no attribute 'soup'
2026-04-21 12:58:32 | WARNING  | scrapers.insider_scraper | Insider scrape attempt 2/3 failed: 'Insider' object has no attribute 'soup'
2026-04-21 12:58:39 | WARNING  | scrapers.insider_scraper | Insider scrape attempt 3/3 failed: 'Insider' object has no attribute 'soup'
2026-04-21 12:58:42 | INFO     | scrapers.insider_scraper | Total unique insider trades fetched: 0
2026-04-21 12:58:42 | INFO     | main |   Stored 0 new insider trade rows
2026-04-21 12:58:42 | INFO     | main | JOB DONE: Insider | 0 new rows | 0 buy signals | 0 sell signals | 48.0s
2026-04-21 12:58:42 | INFO     | main | One-shot scrape complete.
2026-04-21 16:16:21 | INFO     | database.db | Database schema ready at: data/trading_system.db
2026-04-21 16:16:21 | INFO     | main | Running full scrape (one-shot mode)
2026-04-21 16:16:21 | INFO     | scrapers.screener_scraper | Scraping sector: Technology
2026-04-21 16:17:05 | INFO     | scrapers.screener_scraper |   Technology: 777 tickers from overview
2026-04-21 16:18:44 | INFO     | scrapers.screener_scraper |   Technology: 777 complete rows merged
2026-04-21 16:18:49 | INFO     | main | ============================================================
2026-04-21 16:18:49 | INFO     | main | JOB START: Insider trade scrape
2026-04-21 16:18:49 | INFO     | scrapers.insider_scraper | Scraping insider trades (type=Buy, pages=5)
2026-04-21 16:18:49 | INFO     | scrapers.insider_scraper | Total insider rows: 0
2026-04-21 16:18:52 | INFO     | scrapers.insider_scraper | Scraping insider trades (type=Sale, pages=5)
2026-04-21 16:18:53 | INFO     | scrapers.insider_scraper | Total insider rows: 0
2026-04-21 16:18:56 | INFO     | scrapers.insider_scraper | Scraping insider trades (type=Option Exercise, pages=5)
2026-04-21 16:18:57 | INFO     | scrapers.insider_scraper | Total insider rows: 0
2026-04-21 16:18:59 | INFO     | scrapers.insider_scraper | Total unique insider trades: 0
2026-04-21 16:18:59 | INFO     | main |   Stored 0 new insider trade rows
2026-04-21 16:18:59 | INFO     | main | JOB DONE: Insider | 0 new rows | 0 buy signals | 0 sell signals | 10.5s
2026-04-21 16:18:59 | INFO     | main | One-shot scrape complete.
2026-04-21 21:42:11 | INFO     | database.db | Database schema ready at: data/trading_system.db
2026-04-21 21:42:11 | INFO     | main | Running full scrape (one-shot mode)
2026-04-21 21:42:11 | INFO     | scrapers.screener_scraper | Scraping sector: Technology
2026-04-21 21:42:55 | INFO     | scrapers.screener_scraper |   Technology: 777 tickers from overview
2026-04-21 21:44:33 | INFO     | scrapers.screener_scraper |   Technology: 777 complete rows merged
2026-04-21 21:44:38 | INFO     | main | ============================================================
2026-04-21 21:44:38 | INFO     | main | JOB START: Insider trade scrape
2026-04-21 21:44:38 | INFO     | scrapers.insider_scraper | Scraping insider trades (type=Buy, pages=5)
2026-04-21 21:44:39 | INFO     | scrapers.insider_scraper | Total insider rows: 0
2026-04-21 21:44:42 | INFO     | scrapers.insider_scraper | Scraping insider trades (type=Sale, pages=5)
2026-04-21 21:44:42 | INFO     | scrapers.insider_scraper | Total insider rows: 0
2026-04-21 21:44:45 | INFO     | scrapers.insider_scraper | Scraping insider trades (type=Option Exercise, pages=5)
2026-04-21 21:44:45 | INFO     | scrapers.insider_scraper | Total insider rows: 0
2026-04-21 21:44:48 | INFO     | scrapers.insider_scraper | Total unique insider trades: 0
2026-04-21 21:44:48 | INFO     | main |   Stored 0 new insider trade rows
2026-04-21 21:44:48 | INFO     | main | JOB DONE: Insider | 0 new rows | 0 buy signals | 0 sell signals | 10.2s
2026-04-21 21:44:48 | INFO     | main | One-shot scrape complete.
2026-04-21 21:48:11 | INFO     | database.db | Database schema ready at: data/trading_system.db
2026-04-21 21:48:11 | INFO     | main | Running full scrape (one-shot mode)
2026-04-21 21:48:11 | INFO     | scrapers.screener_scraper | Scraping sector: Technology
2026-04-21 21:48:56 | INFO     | scrapers.screener_scraper |   Technology: 777 tickers from overview
2026-04-21 21:50:33 | INFO     | scrapers.screener_scraper |   Technology: 777 complete rows merged
2026-04-21 21:50:38 | INFO     | main | ============================================================
2026-04-21 21:50:38 | INFO     | main | JOB START: Insider trade scrape
2026-04-21 21:50:38 | INFO     | scrapers.insider_scraper | Scraping insider trades (type=Buy, pages=5)
2026-04-21 21:50:39 | INFO     | scrapers.insider_scraper |   Page 1: 200 rows
2026-04-21 21:50:42 | INFO     | scrapers.insider_scraper |   Page 2: 200 rows
2026-04-21 21:50:45 | INFO     | scrapers.insider_scraper |   Page 3: 200 rows
2026-04-21 21:50:48 | INFO     | scrapers.insider_scraper |   Page 4: 200 rows
2026-04-21 21:50:52 | INFO     | scrapers.insider_scraper |   Page 5: 200 rows
2026-04-21 21:50:55 | INFO     | scrapers.insider_scraper | Total insider rows: 1000
2026-04-21 21:50:58 | INFO     | scrapers.insider_scraper | Scraping insider trades (type=Sale, pages=5)
2026-04-21 21:50:59 | INFO     | scrapers.insider_scraper |   Page 1: 175 rows
2026-04-21 21:51:03 | INFO     | scrapers.insider_scraper |   Page 2: 175 rows
2026-04-21 21:51:06 | INFO     | scrapers.insider_scraper |   Page 3: 175 rows
2026-04-21 21:51:10 | INFO     | scrapers.insider_scraper |   Page 4: 175 rows
2026-04-21 21:51:14 | INFO     | scrapers.insider_scraper |   Page 5: 175 rows
2026-04-21 21:51:17 | INFO     | scrapers.insider_scraper | Total insider rows: 875
2026-04-21 21:51:20 | INFO     | scrapers.insider_scraper | Scraping insider trades (type=Option Exercise, pages=5)
2026-04-21 21:51:20 | INFO     | scrapers.insider_scraper |   Page 1: 200 rows
2026-04-21 21:51:24 | INFO     | scrapers.insider_scraper |   Page 2: 200 rows
2026-04-21 21:51:27 | INFO     | scrapers.insider_scraper |   Page 3: 200 rows
2026-04-21 21:51:30 | INFO     | scrapers.insider_scraper |   Page 4: 200 rows
2026-04-21 21:51:34 | INFO     | scrapers.insider_scraper |   Page 5: 200 rows
2026-04-21 21:51:37 | INFO     | scrapers.insider_scraper | Total insider rows: 1000
2026-04-21 21:51:40 | INFO     | scrapers.insider_scraper | Total unique insider trades: 399
2026-04-21 21:51:40 | INFO     | main |   Stored 399 new insider trade rows
2026-04-21 21:51:40 | ERROR    | main | Insider job FAILED: time data "Apr 20 '26" does not match format '%Y-%m-%d'
Traceback (most recent call last):
  File "C:\Users\markn\documents\trading-system\main.py", line 104, in job_scrape_insiders
    buy_signals  = detect_cluster_signals(
        trades,
    ...<2 lines>...
        signal_type  = "Buy",
    )
  File "C:\Users\markn\documents\trading-system\scrapers\insider_scraper.py", line 98, in detect_cluster_signals
    recent=[t for t in tt if datetime.strptime(t["transaction_date"],"%Y-%m-%d")>=cutoff]
                             ~~~~~~~~~~~~~~~~~^^^^^^^^^^^^^^^^^^^^^^^^^^^^^^^^^^
  File "C:\Users\markn\AppData\Local\Python\pythoncore-3.14-64\Lib\_strptime.py", line 815, in _strptime_datetime_datetime
    tt, fraction, gmtoff_fraction = _strptime(data_string, format)
                                    ~~~~~~~~~^^^^^^^^^^^^^^^^^^^^^
  File "C:\Users\markn\AppData\Local\Python\pythoncore-3.14-64\Lib\_strptime.py", line 555, in _strptime
    raise ValueError("time data %r does not match format %r" %
                     (data_string, format))
ValueError: time data "Apr 20 '26" does not match format '%Y-%m-%d'
2026-04-21 21:51:40 | INFO     | main | One-shot scrape complete.
2026-04-21 22:18:30 | INFO     | database.db | Database schema ready at: data/trading_system.db
2026-04-21 22:18:30 | INFO     | main | Running full scrape (one-shot mode)
2026-04-21 22:18:30 | INFO     | scrapers.screener_scraper | Scraping sector: Technology
2026-04-21 22:19:14 | INFO     | scrapers.screener_scraper |   Technology: 777 tickers from overview
2026-04-21 22:20:52 | INFO     | scrapers.screener_scraper |   Technology: 777 complete rows merged
2026-04-21 22:20:57 | INFO     | main | ============================================================
2026-04-21 22:20:57 | INFO     | main | JOB START: Insider trade scrape
2026-04-21 22:20:57 | INFO     | scrapers.insider_scraper | Scraping insider trades (type=Buy, pages=5)
2026-04-21 22:20:57 | INFO     | scrapers.insider_scraper |   Page 1: 200 rows
2026-04-21 22:21:01 | INFO     | scrapers.insider_scraper |   Page 2: 200 rows
2026-04-21 22:21:03 | INFO     | scrapers.insider_scraper |   Page 3: 200 rows
2026-04-21 22:21:07 | INFO     | scrapers.insider_scraper |   Page 4: 200 rows
2026-04-21 22:21:11 | INFO     | scrapers.insider_scraper |   Page 5: 200 rows
2026-04-21 22:21:13 | INFO     | scrapers.insider_scraper | Total insider rows: 1000
2026-04-21 22:21:16 | INFO     | scrapers.insider_scraper | Scraping insider trades (type=Sale, pages=5)
2026-04-21 22:21:17 | INFO     | scrapers.insider_scraper |   Page 1: 175 rows
2026-04-21 22:21:20 | INFO     | scrapers.insider_scraper |   Page 2: 175 rows
2026-04-21 22:21:23 | INFO     | scrapers.insider_scraper |   Page 3: 175 rows
2026-04-21 22:21:26 | INFO     | scrapers.insider_scraper |   Page 4: 175 rows
2026-04-21 22:21:30 | INFO     | scrapers.insider_scraper |   Page 5: 175 rows
2026-04-21 22:21:33 | INFO     | scrapers.insider_scraper | Total insider rows: 875
2026-04-21 22:21:36 | INFO     | scrapers.insider_scraper | Scraping insider trades (type=Option Exercise, pages=5)
2026-04-21 22:21:37 | INFO     | scrapers.insider_scraper |   Page 1: 200 rows
2026-04-21 22:21:40 | INFO     | scrapers.insider_scraper |   Page 2: 200 rows
2026-04-21 22:21:44 | INFO     | scrapers.insider_scraper |   Page 3: 200 rows
2026-04-21 22:21:47 | INFO     | scrapers.insider_scraper |   Page 4: 200 rows
2026-04-21 22:21:50 | INFO     | scrapers.insider_scraper |   Page 5: 200 rows
2026-04-21 22:21:54 | INFO     | scrapers.insider_scraper | Total insider rows: 1000
2026-04-21 22:21:56 | INFO     | scrapers.insider_scraper | Total unique insider trades: 395
2026-04-21 22:21:56 | INFO     | main |   Stored 395 new insider trade rows
2026-04-21 22:21:56 | INFO     | scrapers.insider_scraper | CLUSTER SIGNAL: AVEX | 5 Buys | $0
2026-04-21 22:21:56 | INFO     | scrapers.insider_scraper | CLUSTER SIGNAL: ARXS | 7 Buys | $0
2026-04-21 22:21:56 | INFO     | scrapers.insider_scraper | CLUSTER SIGNAL: KLRA | 4 Buys | $0
2026-04-21 22:21:56 | INFO     | scrapers.insider_scraper | CLUSTER SIGNAL: CHCO | 4 Buys | $0
2026-04-21 22:21:56 | INFO     | scrapers.insider_scraper | CLUSTER SIGNAL: CGTX | 3 Buys | $0
2026-04-21 22:21:56 | INFO     | scrapers.insider_scraper | CLUSTER SIGNAL: PCSA | 6 Buys | $0
2026-04-21 22:21:56 | INFO     | scrapers.insider_scraper | CLUSTER SIGNAL: YORW | 7 Buys | $0
2026-04-21 22:21:56 | INFO     | scrapers.insider_scraper | CLUSTER SIGNAL: BEAT | 8 Buys | $0
2026-04-21 22:21:56 | INFO     | scrapers.insider_scraper | CLUSTER SIGNAL: VIRC | 3 Buys | $0
2026-04-21 22:21:56 | INFO     | scrapers.insider_scraper | CLUSTER SIGNAL: AUBN | 4 Buys | $0
2026-04-21 22:21:56 | INFO     | scrapers.insider_scraper | CLUSTER SIGNAL: HPE | 3 Sales | $0
2026-04-21 22:21:56 | INFO     | scrapers.insider_scraper | CLUSTER SIGNAL: BK | 4 Sales | $0
2026-04-21 22:21:56 | INFO     | scrapers.insider_scraper | CLUSTER SIGNAL: TRV | 3 Sales | $0
2026-04-21 22:21:56 | INFO     | scrapers.insider_scraper | CLUSTER SIGNAL: JBL | 3 Sales | $0
2026-04-21 22:21:56 | INFO     | scrapers.insider_scraper | CLUSTER SIGNAL: SOPH | 7 Sales | $0
2026-04-21 22:21:56 | INFO     | scrapers.insider_scraper | CLUSTER SIGNAL: SYNA | 3 Sales | $0
2026-04-21 22:21:56 | INFO     | scrapers.insider_scraper | CLUSTER SIGNAL: KALV | 4 Sales | $0
2026-04-21 22:21:56 | INFO     | scrapers.insider_scraper | CLUSTER SIGNAL: SRRK | 4 Sales | $0
2026-04-21 22:21:56 | INFO     | main | JOB DONE: Insider | 395 new rows | 10 buy signals | 8 sell signals | 59.8s
2026-04-21 22:21:56 | INFO     | main | One-shot scrape complete.
